/rhome/b/bkarovic1/workspace/ASP/Z16/Z1/main.cpp: In function ‘void test1()’:
/rhome/b/bkarovic1/workspace/ASP/Z16/Z1/main.cpp:157:23: warning: self-comparison always evaluates to false [-Wtautological-compare]
     for (int i = 0; i < i; i++) {
                     ~~^~~
/rhome/b/bkarovic1/workspace/ASP/Z16/Z1/main.cpp: In instantiation of ‘NizMapa<TipKljuca, TipVrijednosti>::NizMapa(const NizMapa<TipKljuca, TipVrijednosti>&) [with TipKljuca = int; TipVrijednosti = int]’:
/rhome/b/bkarovic1/workspace/ASP/Z16/Z1/main.cpp:156:27:   required from here
/rhome/b/bkarovic1/workspace/ASP/Z16/Z1/main.cpp:35:27: error: no matching function for call to ‘std::pair<int, int>::pair(std::pair<int, int>*&)’
             elementi[i] = new std::pair<TipKljuca, TipVrijednosti>(mapa.elementi[i]);
                           ^~~~~~~~~~~~~~~~~~~~~~~~~~~~~~~~~~~~~~~~~~~~~~~~~~~~~~~~~~
In file included from /usr/include/c++/7/bits/stl_algobase.h:64:0,
                 from /usr/include/c++/7/bits/char_traits.h:39,
                 from /usr/include/c++/7/ios:40,
                 from /usr/include/c++/7/ostream:38,
                 from /usr/include/c++/7/iostream:39,
                 from /rhome/b/bkarovic1/workspace/ASP/Z16/Z1/main.cpp:1:
/usr/include/c++/7/bits/stl_pair.h:436:9: note: candidate: template<class ... _Args1, long unsigned int ..._Indexes1, class ... _Args2, long unsigned int ..._Indexes2> std::pair<_T1, _T2>::pair(std::tuple<_Args1 ...>&, std::tuple<_Args2 ...>&, std::_Index_tuple<_Indexes1 ...>, std::_Index_tuple<_Indexes2 ...>)
         pair(tuple<_Args1...>&, tuple<_Args2...>&,
         ^~~~
/usr/include/c++/7/bits/stl_pair.h:436:9: note:   template argument deduction/substitution failed:
/rhome/b/bkarovic1/workspace/ASP/Z16/Z1/main.cpp:35:27: note:   mismatched types ‘std::tuple<_Tps ...>’ and ‘std::pair<int, int>*’
             elementi[i] = new std::pair<TipKljuca, TipVrijednosti>(mapa.elementi[i]);
                           ^~~~~~~~~~~~~~~~~~~~~~~~~~~~~~~~~~~~~~~~~~~~~~~~~~~~~~~~~~
In file included from /usr/include/c++/7/bits/stl_algobase.h:64:0,
                 from /usr/include/c++/7/bits/char_traits.h:39,
                 from /usr/include/c++/7/ios:40,
                 from /usr/include/c++/7/ostream:38,
                 from /usr/include/c++/7/iostream:39,
                 from /rhome/b/bkarovic1/workspace/ASP/Z16/Z1/main.cpp:1:
/usr/include/c++/7/bits/stl_pair.h:375:9: note: candidate: template<class ... _Args1, class ... _Args2> std::pair<_T1, _T2>::pair(std::piecewise_construct_t, std::tuple<_Args1 ...>, std::tuple<_Args2 ...>)
         pair(piecewise_construct_t, tuple<_Args1...>, tuple<_Args2...>);
         ^~~~
/usr/include/c++/7/bits/stl_pair.h:375:9: note:   template argument deduction/substitution failed:
/rhome/b/bkarovic1/workspace/ASP/Z16/Z1/main.cpp:35:27: note:   candidate expects 3 arguments, 1 provided
             elementi[i] = new std::pair<TipKljuca, TipVrijednosti>(mapa.elementi[i]);
                           ^~~~~~~~~~~~~~~~~~~~~~~~~~~~~~~~~~~~~~~~~~~~~~~~~~~~~~~~~~
In file included from /usr/include/c++/7/bits/stl_algobase.h:64:0,
                 from /usr/include/c++/7/bits/char_traits.h:39,
                 from /usr/include/c++/7/ios:40,
                 from /usr/include/c++/7/ostream:38,
                 from /usr/include/c++/7/iostream:39,
                 from /rhome/b/bkarovic1/workspace/ASP/Z16/Z1/main.cpp:1:
/usr/include/c++/7/bits/stl_pair.h:370:21: note: candidate: template<class _U1, class _U2, typename std::enable_if<(std::_PCC<((! std::is_same<int, _U1>::value) || (! std::is_same<int, _U2>::value)), int, int>::_MoveConstructiblePair<_U1, _U2>() && (! std::_PCC<((! std::is_same<int, _U1>::value) || (! std::is_same<int, _U2>::value)), int, int>::_ImplicitlyMoveConvertiblePair<_U1, _U2>())), bool>::type <anonymous> > constexpr std::pair<_T1, _T2>::pair(std::pair<_U1, _U2>&&)
  explicit constexpr pair(pair<_U1, _U2>&& __p)
                     ^~~~
/usr/include/c++/7/bits/stl_pair.h:370:21: note:   template argument deduction/substitution failed:
/rhome/b/bkarovic1/workspace/ASP/Z16/Z1/main.cpp:35:27: note:   mismatched types ‘std::pair<_T1, _T2>’ and ‘std::pair<int, int>*’
             elementi[i] = new std::pair<TipKljuca, TipVrijednosti>(mapa.elementi[i]);
                           ^~~~~~~~~~~~~~~~~~~~~~~~~~~~~~~~~~~~~~~~~~~~~~~~~~~~~~~~~~
In file included from /usr/include/c++/7/bits/stl_algobase.h:64:0,
                 from /usr/include/c++/7/bits/char_traits.h:39,
                 from /usr/include/c++/7/ios:40,
                 from /usr/include/c++/7/ostream:38,
                 from /usr/include/c++/7/iostream:39,
                 from /rhome/b/bkarovic1/workspace/ASP/Z16/Z1/main.cpp:1:
/usr/include/c++/7/bits/stl_pair.h:360:12: note: candidate: template<class _U1, class _U2, typename std::enable_if<(std::_PCC<((! std::is_same<int, _U1>::value) || (! std::is_same<int, _U2>::value)), int, int>::_MoveConstructiblePair<_U1, _U2>() && std::_PCC<((! std::is_same<int, _U1>::value) || (! std::is_same<int, _U2>::value)), int, int>::_ImplicitlyMoveConvertiblePair<_U1, _U2>()), bool>::type <anonymous> > constexpr std::pair<_T1, _T2>::pair(std::pair<_U1, _U2>&&)
  constexpr pair(pair<_U1, _U2>&& __p)
            ^~~~
/usr/include/c++/7/bits/stl_pair.h:360:12: note:   template argument deduction/substitution failed:
/rhome/b/bkarovic1/workspace/ASP/Z16/Z1/main.cpp:35:27: note:   mismatched types ‘std::pair<_T1, _T2>’ and ‘std::pair<int, int>*’
             elementi[i] = new std::pair<TipKljuca, TipVrijednosti>(mapa.elementi[i]);
                           ^~~~~~~~~~~~~~~~~~~~~~~~~~~~~~~~~~~~~~~~~~~~~~~~~~~~~~~~~~
In file included from /usr/include/c++/7/bits/stl_algobase.h:64:0,
                 from /usr/include/c++/7/bits/char_traits.h:39,
                 from /usr/include/c++/7/ios:40,
                 from /usr/include/c++/7/ostream:38,
                 from /usr/include/c++/7/iostream:39,
                 from /rhome/b/bkarovic1/workspace/ASP/Z16/Z1/main.cpp:1:
/usr/include/c++/7/bits/stl_pair.h:350:21: note: candidate: template<class _U1, class _U2, typename std::enable_if<(_MoveConstructiblePair<_U1, _U2>() && (! _ImplicitlyMoveConvertiblePair<_U1, _U2>())), bool>::type <anonymous> > constexpr std::pair<_T1, _T2>::pair(_U1&&, _U2&&)
  explicit constexpr pair(_U1&& __x, _U2&& __y)
                     ^~~~
/usr/include/c++/7/bits/stl_pair.h:350:21: note:   template argument deduction/substitution failed:
/rhome/b/bkarovic1/workspace/ASP/Z16/Z1/main.cpp:35:27: note:   candidate expects 2 arguments, 1 provided
             elementi[i] = new std::pair<TipKljuca, TipVrijednosti>(mapa.elementi[i]);
                           ^~~~~~~~~~~~~~~~~~~~~~~~~~~~~~~~~~~~~~~~~~~~~~~~~~~~~~~~~~
In file included from /usr/include/c++/7/bits/stl_algobase.h:64:0,
                 from /usr/include/c++/7/bits/char_traits.h:39,
                 from /usr/include/c++/7/ios:40,
                 from /usr/include/c++/7/ostream:38,
                 from /usr/include/c++/7/iostream:39,
                 from /rhome/b/bkarovic1/workspace/ASP/Z16/Z1/main.cpp:1:
/usr/include/c++/7/bits/stl_pair.h:341:12: note: candidate: template<class _U1, class _U2, typename std::enable_if<(_MoveConstructiblePair<_U1, _U2>() && _ImplicitlyMoveConvertiblePair<_U1, _U2>()), bool>::type <anonymous> > constexpr std::pair<_T1, _T2>::pair(_U1&&, _U2&&)
  constexpr pair(_U1&& __x, _U2&& __y)
            ^~~~
/usr/include/c++/7/bits/stl_pair.h:341:12: note:   template argument deduction/substitution failed:
/rhome/b/bkarovic1/workspace/ASP/Z16/Z1/main.cpp:35:27: note:   candidate expects 2 arguments, 1 provided
             elementi[i] = new std::pair<TipKljuca, TipVrijednosti>(mapa.elementi[i]);
                           ^~~~~~~~~~~~~~~~~~~~~~~~~~~~~~~~~~~~~~~~~~~~~~~~~~~~~~~~~~
In file included from /usr/include/c++/7/bits/stl_algobase.h:64:0,
                 from /usr/include/c++/7/bits/char_traits.h:39,
                 from /usr/include/c++/7/ios:40,
                 from /usr/include/c++/7/ostream:38,
                 from /usr/include/c++/7/iostream:39,
                 from /rhome/b/bkarovic1/workspace/ASP/Z16/Z1/main.cpp:1:
/usr/include/c++/7/bits/stl_pair.h:332:17: note: candidate: template<class _U2, typename std::enable_if<_CopyMovePair<false, int, _U2>(), bool>::type <anonymous> > std::pair<_T1, _T2>::pair(const _T1&, _U2&&)
        explicit pair(const _T1& __x, _U2&& __y)
                 ^~~~
/usr/include/c++/7/bits/stl_pair.h:332:17: note:   template argument deduction/substitution failed:
/rhome/b/bkarovic1/workspace/ASP/Z16/Z1/main.cpp:35:27: note:   candidate expects 2 arguments, 1 provided
             elementi[i] = new std::pair<TipKljuca, TipVrijednosti>(mapa.elementi[i]);
                           ^~~~~~~~~~~~~~~~~~~~~~~~~~~~~~~~~~~~~~~~~~~~~~~~~~~~~~~~~~
In file included from /usr/include/c++/7/bits/stl_algobase.h:64:0,
                 from /usr/include/c++/7/bits/char_traits.h:39,
                 from /usr/include/c++/7/ios:40,
                 from /usr/include/c++/7/ostream:38,
                 from /usr/include/c++/7/iostream:39,
                 from /rhome/b/bkarovic1/workspace/ASP/Z16/Z1/main.cpp:1:
/usr/include/c++/7/bits/stl_pair.h:325:18: note: candidate: template<class _U2, typename std::enable_if<_CopyMovePair<true, int, _U2>(), bool>::type <anonymous> > constexpr std::pair<_T1, _T2>::pair(const _T1&, _U2&&)
        constexpr pair(const _T1& __x, _U2&& __y)
                  ^~~~
/usr/include/c++/7/bits/stl_pair.h:325:18: note:   template argument deduction/substitution failed:
/rhome/b/bkarovic1/workspace/ASP/Z16/Z1/main.cpp:35:27: note:   candidate expects 2 arguments, 1 provided
             elementi[i] = new std::pair<TipKljuca, TipVrijednosti>(mapa.elementi[i]);
                           ^~~~~~~~~~~~~~~~~~~~~~~~~~~~~~~~~~~~~~~~~~~~~~~~~~~~~~~~~~
In file included from /usr/include/c++/7/bits/stl_algobase.h:64:0,
                 from /usr/include/c++/7/bits/char_traits.h:39,
                 from /usr/include/c++/7/ios:40,
                 from /usr/include/c++/7/ostream:38,
                 from /usr/include/c++/7/iostream:39,
                 from /rhome/b/bkarovic1/workspace/ASP/Z16/Z1/main.cpp:1:
/usr/include/c++/7/bits/stl_pair.h:318:27: note: candidate: template<class _U1, typename std::enable_if<_MoveCopyPair<false, _U1, int>(), bool>::type <anonymous> > constexpr std::pair<_T1, _T2>::pair(_U1&&, const _T2&)
        explicit constexpr pair(_U1&& __x, const _T2& __y)
                           ^~~~
/usr/include/c++/7/bits/stl_pair.h:318:27: note:   template argument deduction/substitution failed:
/rhome/b/bkarovic1/workspace/ASP/Z16/Z1/main.cpp:35:27: note:   candidate expects 2 arguments, 1 provided
             elementi[i] = new std::pair<TipKljuca, TipVrijednosti>(mapa.elementi[i]);
                           ^~~~~~~~~~~~~~~~~~~~~~~~~~~~~~~~~~~~~~~~~~~~~~~~~~~~~~~~~~
In file included from /usr/include/c++/7/bits/stl_algobase.h:64:0,
                 from /usr/include/c++/7/bits/char_traits.h:39,
                 from /usr/include/c++/7/ios:40,
                 from /usr/include/c++/7/ostream:38,
                 from /usr/include/c++/7/iostream:39,
                 from /rhome/b/bkarovic1/workspace/ASP/Z16/Z1/main.cpp:1:
/usr/include/c++/7/bits/stl_pair.h:311:18: note: candidate: template<class _U1, typename std::enable_if<_MoveCopyPair<true, _U1, int>(), bool>::type <anonymous> > constexpr std::pair<_T1, _T2>::pair(_U1&&, const _T2&)
        constexpr pair(_U1&& __x, const _T2& __y)
                  ^~~~
/usr/include/c++/7/bits/stl_pair.h:311:18: note:   template argument deduction/substitution failed:
/rhome/b/bkarovic1/workspace/ASP/Z16/Z1/main.cpp:35:27: note:   candidate expects 2 arguments, 1 provided
             elementi[i] = new std::pair<TipKljuca, TipVrijednosti>(mapa.elementi[i]);
                           ^~~~~~~~~~~~~~~~~~~~~~~~~~~~~~~~~~~~~~~~~~~~~~~~~~~~~~~~~~
In file included from /usr/include/c++/7/bits/stl_algobase.h:64:0,
                 from /usr/include/c++/7/bits/char_traits.h:39,
                 from /usr/include/c++/7/ios:40,
                 from /usr/include/c++/7/ostream:38,
                 from /usr/include/c++/7/iostream:39,
                 from /rhome/b/bkarovic1/workspace/ASP/Z16/Z1/main.cpp:1:
/usr/include/c++/7/bits/stl_pair.h:304:17: note: candidate: constexpr std::pair<_T1, _T2>::pair(std::pair<_T1, _T2>&&) [with _T1 = int; _T2 = int]
       constexpr pair(pair&&) = default;
                 ^~~~
/usr/include/c++/7/bits/stl_pair.h:304:17: note:   no known conversion for argument 1 from ‘std::pair<int, int>*’ to ‘std::pair<int, int>&&’
/usr/include/c++/7/bits/stl_pair.h:303:17: note: candidate: constexpr std::pair<_T1, _T2>::pair(const std::pair<_T1, _T2>&) [with _T1 = int; _T2 = int]
       constexpr pair(const pair&) = default;
                 ^~~~
/usr/include/c++/7/bits/stl_pair.h:303:17: note:   no known conversion for argument 1 from ‘std::pair<int, int>*’ to ‘const std::pair<int, int>&’
/usr/include/c++/7/bits/stl_pair.h:300:21: note: candidate: template<class _U1, class _U2, typename std::enable_if<(std::_PCC<((! std::is_same<int, _U1>::value) || (! std::is_same<int, _U2>::value)), int, int>::_ConstructiblePair<_U1, _U2>() && (! std::_PCC<((! std::is_same<int, _U1>::value) || (! std::is_same<int, _U2>::value)), int, int>::_ImplicitlyConvertiblePair<_U1, _U2>())), bool>::type <anonymous> > constexpr std::pair<_T1, _T2>::pair(const std::pair<_U1, _U2>&)
  explicit constexpr pair(const pair<_U1, _U2>& __p)
                     ^~~~
/usr/include/c++/7/bits/stl_pair.h:300:21: note:   template argument deduction/substitution failed:
/rhome/b/bkarovic1/workspace/ASP/Z16/Z1/main.cpp:35:27: note:   mismatched types ‘const std::pair<_T1, _T2>’ and ‘std::pair<int, int>*’
             elementi[i] = new std::pair<TipKljuca, TipVrijednosti>(mapa.elementi[i]);
                           ^~~~~~~~~~~~~~~~~~~~~~~~~~~~~~~~~~~~~~~~~~~~~~~~~~~~~~~~~~
In file included from /usr/include/c++/7/bits/stl_algobase.h:64:0,
                 from /usr/include/c++/7/bits/char_traits.h:39,
                 from /usr/include/c++/7/ios:40,
                 from /usr/include/c++/7/ostream:38,
                 from /usr/include/c++/7/iostream:39,
                 from /rhome/b/bkarovic1/workspace/ASP/Z16/Z1/main.cpp:1:
/usr/include/c++/7/bits/stl_pair.h:291:19: note: candidate: template<class _U1, class _U2, typename std::enable_if<(std::_PCC<((! std::is_same<int, _U1>::value) || (! std::is_same<int, _U2>::value)), int, int>::_ConstructiblePair<_U1, _U2>() && std::_PCC<((! std::is_same<int, _U1>::value) || (! std::is_same<int, _U2>::value)), int, int>::_ImplicitlyConvertiblePair<_U1, _U2>()), bool>::type <anonymous> > constexpr std::pair<_T1, _T2>::pair(const std::pair<_U1, _U2>&)
         constexpr pair(const pair<_U1, _U2>& __p)
                   ^~~~
/usr/include/c++/7/bits/stl_pair.h:291:19: note:   template argument deduction/substitution failed:
/rhome/b/bkarovic1/workspace/ASP/Z16/Z1/main.cpp:35:27: note:   mismatched types ‘const std::pair<_T1, _T2>’ and ‘std::pair<int, int>*’
             elementi[i] = new std::pair<TipKljuca, TipVrijednosti>(mapa.elementi[i]);
                           ^~~~~~~~~~~~~~~~~~~~~~~~~~~~~~~~~~~~~~~~~~~~~~~~~~~~~~~~~~
In file included from /usr/include/c++/7/bits/stl_algobase.h:64:0,
                 from /usr/include/c++/7/bits/char_traits.h:39,
                 from /usr/include/c++/7/ios:40,
                 from /usr/include/c++/7/ostream:38,
                 from /usr/include/c++/7/iostream:39,
                 from /rhome/b/bkarovic1/workspace/ASP/Z16/Z1/main.cpp:1:
/usr/include/c++/7/bits/stl_pair.h:269:26: note: candidate: template<class _U1, class _U2, typename std::enable_if<(_ConstructiblePair<_U1, _U2>() && (! _ImplicitlyConvertiblePair<_U1, _U2>())), bool>::type <anonymous> > constexpr std::pair<_T1, _T2>::pair(const _T1&, const _T2&)
       explicit constexpr pair(const _T1& __a, const _T2& __b)
                          ^~~~
/usr/include/c++/7/bits/stl_pair.h:269:26: note:   template argument deduction/substitution failed:
/rhome/b/bkarovic1/workspace/ASP/Z16/Z1/main.cpp:35:27: note:   candidate expects 2 arguments, 1 provided
             elementi[i] = new std::pair<TipKljuca, TipVrijednosti>(mapa.elementi[i]);
                           ^~~~~~~~~~~~~~~~~~~~~~~~~~~~~~~~~~~~~~~~~~~~~~~~~~~~~~~~~~
In file included from /usr/include/c++/7/bits/stl_algobase.h:64:0,
                 from /usr/include/c++/7/bits/char_traits.h:39,
                 from /usr/include/c++/7/ios:40,
                 from /usr/include/c++/7/ostream:38,
                 from /usr/include/c++/7/iostream:39,
                 from /rhome/b/bkarovic1/workspace/ASP/Z16/Z1/main.cpp:1:
/usr/include/c++/7/bits/stl_pair.h:260:17: note: candidate: template<class _U1, class _U2, typename std::enable_if<(_ConstructiblePair<_U1, _U2>() && _ImplicitlyConvertiblePair<_U1, _U2>()), bool>::type <anonymous> > constexpr std::pair<_T1, _T2>::pair(const _T1&, const _T2&)
       constexpr pair(const _T1& __a, const _T2& __b)
                 ^~~~
/usr/include/c++/7/bits/stl_pair.h:260:17: note:   template argument deduction/substitution failed:
/rhome/b/bkarovic1/workspace/ASP/Z16/Z1/main.cpp:35:27: note:   candidate expects 2 arguments, 1 provided
             elementi[i] = new std::pair<TipKljuca, TipVrijednosti>(mapa.elementi[i]);
                           ^~~~~~~~~~~~~~~~~~~~~~~~~~~~~~~~~~~~~~~~~~~~~~~~~~~~~~~~~~
In file included from /usr/include/c++/7/bits/stl_algobase.h:64:0,
                 from /usr/include/c++/7/bits/char_traits.h:39,
                 from /usr/include/c++/7/ios:40,
                 from /usr/include/c++/7/ostream:38,
                 from /usr/include/c++/7/iostream:39,
                 from /rhome/b/bkarovic1/workspace/ASP/Z16/Z1/main.cpp:1:
/usr/include/c++/7/bits/stl_pair.h:242:26: note: candidate: template<class _U1, class _U2, typename std::enable_if<std::__and_<std::is_default_constructible<_Tp>, std::is_default_constructible<_U2>, std::__not_<std::__and_<std::__is_implicitly_default_constructible<_U1>, std::__is_implicitly_default_constructible<_U2> > > >::value, bool>::type <anonymous> > constexpr std::pair<_T1, _T2>::pair()
       explicit constexpr pair()
                          ^~~~
/usr/include/c++/7/bits/stl_pair.h:242:26: note:   template argument deduction/substitution failed:
/rhome/b/bkarovic1/workspace/ASP/Z16/Z1/main.cpp:35:27: note:   candidate expects 0 arguments, 1 provided
             elementi[i] = new std::pair<TipKljuca, TipVrijednosti>(mapa.elementi[i]);
                           ^~~~~~~~~~~~~~~~~~~~~~~~~~~~~~~~~~~~~~~~~~~~~~~~~~~~~~~~~~
In file included from /usr/include/c++/7/bits/stl_algobase.h:64:0,
                 from /usr/include/c++/7/bits/char_traits.h:39,
                 from /usr/include/c++/7/ios:40,
                 from /usr/include/c++/7/ostream:38,
                 from /usr/include/c++/7/iostream:39,
                 from /rhome/b/bkarovic1/workspace/ASP/Z16/Z1/main.cpp:1:
/usr/include/c++/7/bits/stl_pair.h:229:26: note: candidate: template<class _U1, class _U2, typename std::enable_if<std::__and_<std::__is_implicitly_default_constructible<_U1>, std::__is_implicitly_default_constructible<_U2> >::value, bool>::type <anonymous> > constexpr std::pair<_T1, _T2>::pair()
       _GLIBCXX_CONSTEXPR pair()
                          ^~~~
/usr/include/c++/7/bits/stl_pair.h:229:26: note:   template argument deduction/substitution failed:
/rhome/b/bkarovic1/workspace/ASP/Z16/Z1/main.cpp:35:27: note:   candidate expects 0 arguments, 1 provided
             elementi[i] = new std::pair<TipKljuca, TipVrijednosti>(mapa.elementi[i]);
                           ^~~~~~~~~~~~~~~~~~~~~~~~~~~~~~~~~~~~~~~~~~~~~~~~~~~~~~~~~~
