[New LWP 31547]
Core was generated by `'.
Program terminated with signal SIGXCPU, CPU time limit exceeded.
#0  0x000000000010b225 in ?? ()
#0  0x000000000010b225 in ?? ()
#1  0x0000000000001102 in ?? ()
#2  0x0000000005da9c50 in ?? ()
#3  0x0000000005da9c60 in ?? ()
#4  0x0000001ffeffa9ec in ?? ()
#5  0x00000abb00000000 in ?? ()
#6  0x0000001ffeffaa80 in ?? ()
#7  0x0000001ffefe3e80 in ?? ()
#8  0x000000000010b225 in ?? ()
#9  0x0000000000001102 in ?? ()
#10 0x0000000005da9bf0 in ?? ()
#11 0x0000000005da9c00 in ?? ()
#12 0x0000001ffeffa9ec in ?? ()
#13 0x00000abb00000000 in ?? ()
#14 0x0000001ffeffaa80 in ?? ()
#15 0x0000001ffefe3ec0 in ?? ()
#16 0x000000000010b225 in ?? ()
#17 0x0000000000001102 in ?? ()
#18 0x0000000005da9b90 in ?? ()
#19 0x0000000005da9ba0 in ?? ()
#20 0x0000001ffeffa9ec in ?? ()
#21 0x00000abb00000000 in ?? ()
#22 0x0000001ffeffaa80 in ?? ()
#23 0x0000001ffefe3f00 in ?? ()
#24 0x000000000010b225 in ?? ()
#25 0x0000000000001102 in ?? ()
#26 0x0000000005da9b30 in ?? ()
#27 0x0000000005da9b40 in ?? ()
#28 0x0000001ffeffa9ec in ?? ()
#29 0x00000abb00000000 in ?? ()
#30 0x0000001ffeffaa80 in ?? ()
#31 0x0000001ffefe3f40 in ?? ()
#32 0x000000000010b225 in ?? ()
#33 0x0000000000001102 in ?? ()
#34 0x0000000005da9ad0 in ?? ()
#35 0x0000000005da9ae0 in ?? ()
#36 0x0000001ffeffa9ec in ?? ()
#37 0x00000abb00000000 in ?? ()
#38 0x0000001ffeffaa80 in ?? ()
#39 0x0000001ffefe3f80 in ?? ()
#40 0x000000000010b225 in ?? ()
#41 0x0000000000001102 in ?? ()
#42 0x0000000005da9a70 in ?? ()
#43 0x0000000005da9a80 in ?? ()
#44 0x0000001ffeffa9ec in ?? ()
#45 0x00000abb00000000 in ?? ()
#46 0x0000001ffeffaa80 in ?? ()
#47 0x0000001ffefe3fc0 in ?? ()
#48 0x000000000010b225 in ?? ()
#49 0x0000000000001102 in ?? ()
#50 0x0000000005da9a10 in ?? ()
#51 0x0000000005da9a20 in ?? ()
#52 0x0000001ffeffa9ec in ?? ()
#53 0x00000abb00000000 in ?? ()
#54 0x0000001ffeffaa80 in ?? ()
#55 0x0000001ffefe4000 in ?? ()
#56 0x000000000010b225 in ?? ()
#57 0x0000000000001102 in ?? ()
#58 0x0000000005da99b0 in ?? ()
#59 0x0000000005da99c0 in ?? ()
#60 0x0000001ffeffa9ec in ?? ()
#61 0x00000abb00000000 in ?? ()
#62 0x0000001ffeffaa80 in ?? ()
#63 0x0000001ffefe4040 in ?? ()
#64 0x000000000010b225 in ?? ()
#65 0x0000000000001102 in ?? ()
#66 0x0000000005da9950 in ?? ()
#67 0x0000000005da9960 in ?? ()
#68 0x0000001ffeffa9ec in ?? ()
#69 0x00000abb00000000 in ?? ()
#70 0x0000001ffeffaa80 in ?? ()
#71 0x0000001ffefe4080 in ?? ()
#72 0x000000000010b225 in ?? ()
#73 0x0000000000001102 in ?? ()
#74 0x0000000005da98f0 in ?? ()
#75 0x0000000005da9900 in ?? ()
#76 0x0000001ffeffa9ec in ?? ()
#77 0x00000abb00000000 in ?? ()
#78 0x0000001ffeffaa80 in ?? ()
#79 0x0000001ffefe40c0 in ?? ()
#80 0x000000000010b225 in ?? ()
#81 0x0000000000001102 in ?? ()
#82 0x0000000005da9890 in ?? ()
#83 0x0000000005da98a0 in ?? ()
#84 0x0000001ffeffa9ec in ?? ()
#85 0x00000abb00000000 in ?? ()
#86 0x0000001ffeffaa80 in ?? ()
#87 0x0000001ffefe4100 in ?? ()
#88 0x000000000010b225 in ?? ()
#89 0x0000000000001102 in ?? ()
#90 0x0000000005da9830 in ?? ()
#91 0x0000000005da9840 in ?? ()
#92 0x0000001ffeffa9ec in ?? ()
#93 0x00000abb00000000 in ?? ()
#94 0x0000001ffeffaa80 in ?? ()
#95 0x0000001ffefe4140 in ?? ()
#96 0x000000000010b225 in ?? ()
#97 0x0000000000001102 in ?? ()
#98 0x0000000005da97d0 in ?? ()
#99 0x0000000005da97e0 in ?? ()
