==10074== Memcheck, a memory error detector
==10074== Copyright (C) 2002-2017, and GNU GPL'd, by Julian Seward et al.
==10074== Using Valgrind-3.13.0 and LibVEX; rerun with -h for copyright info
==10074== Command: /rhome/b/bkarovic1/workspace/ASP/PZ6/Z1/.runme
==10074== Parent PID: 10056
==10074== 
==10074== 
==10074== Process terminating with default action of signal 1 (SIGHUP)
==10074==    at 0x56EF081: read (read.c:27)
==10074==    by 0x566C147: _IO_file_underflow@@GLIBC_2.2.5 (fileops.c:531)
==10074==    by 0x566D3F1: _IO_default_uflow (genops.c:380)
==10074==    by 0x512B89C: __gnu_cxx::stdio_sync_filebuf<char, std::char_traits<char> >::underflow() (in /usr/lib/x86_64-linux-gnu/libstdc++.so.6.0.25)
==10074==    by 0x5139679: std::istream::sentry::sentry(std::istream&, bool) (in /usr/lib/x86_64-linux-gnu/libstdc++.so.6.0.25)
==10074==    by 0x51398AD: std::istream::operator>>(int&) (in /usr/lib/x86_64-linux-gnu/libstdc++.so.6.0.25)
==10074==    by 0x109889: provjeri() (main.cpp:203)
==10074==    by 0x109D99: main (main.cpp:312)
==10074== 
==10074== HEAP SUMMARY:
==10074==     in use at exit: 0 bytes in 0 blocks
==10074==   total heap usage: 2 allocs, 2 frees, 73,728 bytes allocated
==10074== 
==10074== All heap blocks were freed -- no leaks are possible
==10074== 
==10074== For counts of detected and suppressed errors, rerun with: -v
==10074== ERROR SUMMARY: 0 errors from 0 contexts (suppressed: 0 from 0)
